2025-03-25 00:59:35 - INFO - 程序启动
2025-03-25 00:59:35,355 - INFO - 已安装 jmcomic
2025-03-25 00:59:35,488 - INFO - 已安装 aiohttp
2025-03-25 00:59:35,499 - INFO - 已安装 pyyaml
2025-03-25 00:59:35,499 - INFO - 已安装 pillow
2025-03-25 00:59:35,517 - INFO - 已安装 pyzipper
2025-03-25 00:59:35 - INFO - 程序启动
2025-03-25 00:59:35,539 - INFO - 日志系统初始化完成
2025-03-25 00:59:35,539 - INFO - 日志系统初始化完成
2025-03-25 00:59:35,540 - INFO - 已删除旧日志文件: bot_2025-03-24.log
2025-03-25 00:59:35,540 - INFO - 已删除旧日志文件: bot_2025-03-24.log
2025-03-25 00:59:35,541 - INFO - 开始加载配置...
2025-03-25 00:59:35,541 - INFO - 开始加载配置...
2025-03-25 00:59:35,543 - INFO - 配置文件加载成功
2025-03-25 00:59:35,543 - INFO - 配置文件加载成功
2025-03-25 00:59:35,543 - INFO - 配置加载完成
2025-03-25 00:59:35,543 - INFO - 配置加载完成
2025-03-25 00:59:35,543 - INFO - PDF模式已启用，将使用PDF下载方式
2025-03-25 00:59:35,543 - INFO - PDF模式已启用，将使用PDF下载方式
2025-03-25 00:59:35,543 - INFO - 开始加载已启用群组...
2025-03-25 00:59:35,543 - INFO - 开始加载已启用群组...
2025-03-25 00:59:35,543 - INFO - 已加载 2 个已启用群组
2025-03-25 00:59:35,543 - INFO - 已加载 2 个已启用群组
2025-03-25 00:59:35,543 - INFO - 管理员QQ号: {1450595984}
2025-03-25 00:59:35,543 - INFO - 管理员QQ号: {1450595984}
2025-03-25 00:59:35,544 - INFO - 最大文件大小: 100.0MB
2025-03-25 00:59:35,544 - INFO - 最大文件大小: 100.0MB
2025-03-25 00:59:35,544 - INFO - 清理间隔: 3600秒
2025-03-25 00:59:35,544 - INFO - 清理间隔: 3600秒
2025-03-25 00:59:35,544 - INFO - ZIP密码: 123456
2025-03-25 00:59:35,544 - INFO - ZIP密码: 123456
2025-03-25 00:59:35,544 - INFO - 下载CD时间: 60秒
2025-03-25 00:59:35,544 - INFO - 下载CD时间: 60秒
2025-03-25 00:59:35,544 - INFO - PDF模式: 启用
2025-03-25 00:59:35,544 - INFO - PDF模式: 启用
2025-03-25 00:59:35,544 - INFO - 正在清理临时文件...
2025-03-25 00:59:35,544 - INFO - 正在清理临时文件...
2025-03-25 00:59:35,544 - INFO - 所有临时文件清理完成
2025-03-25 00:59:35,544 - INFO - 所有临时文件清理完成
2025-03-25 00:59:35,544 - INFO - 开始查找可用端口，范围: 10000-65535
2025-03-25 00:59:35,544 - INFO - 开始查找可用端口，范围: 10000-65535
2025-03-25 00:59:35,545 - INFO - 找到可用端口: 10000
2025-03-25 00:59:35,545 - INFO - 找到可用端口: 10000
2025-03-25 00:59:35,545 - INFO - 已选择客户端端口: 10000
2025-03-25 00:59:35,545 - INFO - 已选择客户端端口: 10000
2025-03-25 00:59:35,545 - INFO - 机器人已启动，正在连接go-cqhttp WebSocket (127.0.0.1:5700)...
2025-03-25 00:59:35,545 - INFO - 机器人已启动，正在连接go-cqhttp WebSocket (127.0.0.1:5700)...
2025-03-25 00:59:35,546 - INFO - 正在连接WebSocket: ws://127.0.0.1:5700
2025-03-25 00:59:35,546 - INFO - 正在连接WebSocket: ws://127.0.0.1:5700
2025-03-25 00:59:35,547 - INFO - WebSocket连接成功
2025-03-25 00:59:35,547 - INFO - WebSocket连接成功
2025-03-25 00:59:46,936 - INFO - 群 743746086 用户 1450595984 发送消息: /开启jm
2025-03-25 00:59:46,936 - INFO - 群 743746086 用户 1450595984 发送消息: /开启jm
2025-03-25 00:59:46,937 - INFO - 处理管理员命令: /开启jm
2025-03-25 00:59:46,937 - INFO - 处理管理员命令: /开启jm
2025-03-25 00:59:46,938 - INFO - 已保存启用群组列表
2025-03-25 00:59:46,938 - INFO - 已保存启用群组列表
2025-03-25 00:59:56,257 - INFO - 群 743746086 用户 1450595984 发送消息: 忘开了
2025-03-25 00:59:56,257 - INFO - 群 743746086 用户 1450595984 发送消息: 忘开了
2025-03-25 00:59:58,057 - INFO - 群 743746086 用户 1450595984 发送消息: 不好意思
2025-03-25 00:59:58,057 - INFO - 群 743746086 用户 1450595984 发送消息: 不好意思
2025-03-25 01:00:05,212 - INFO - 群 743746086 用户 1450595984 发送消息: 试试
2025-03-25 01:00:05,212 - INFO - 群 743746086 用户 1450595984 发送消息: 试试
2025-03-25 01:00:23,171 - INFO - 群 743746086 用户 1450595984 发送消息: 隔壁某夜叫我做的
2025-03-25 01:00:23,171 - INFO - 群 743746086 用户 1450595984 发送消息: 隔壁某夜叫我做的
2025-03-25 01:00:39,414 - INFO - 群 743746086 用户 1450595984 发送消息: /jm 350240
2025-03-25 01:00:39,414 - INFO - 群 743746086 用户 1450595984 发送消息: /jm 350240
2025-03-25 01:00:39,414 - INFO - 开始下载JM350240
2025-03-25 01:00:39,414 - INFO - 开始下载JM350240
2025-03-25 01:00:39,837 - INFO - 使用PDF下载方式
2025-03-25 01:00:39,837 - INFO - 使用PDF下载方式
2025-03-25 01:00:39,838 - INFO - 切换到用户下载目录: C:\Users\cyf112233.cxkcxkckx\Desktop\jm\jm_bot\downloads\1450595984
2025-03-25 01:00:39,838 - INFO - 切换到用户下载目录: C:\Users\cyf112233.cxkcxkckx\Desktop\jm\jm_bot\downloads\1450595984
2025-03-25 01:00:55,472 - ERROR - PDF下载失败: 请求的本子不存在！(https://18comic.vip/album/350240/)
原因可能为:
1. id有误，检查你的本子id
2. 该漫画只对登录用户可见，请配置你的cookies，或者使用移动端Client（api）

2025-03-25 01:00:55,472 - ERROR - PDF下载失败: 请求的本子不存在！(https://18comic.vip/album/350240/)
原因可能为:
1. id有误，检查你的本子id
2. 该漫画只对登录用户可见，请配置你的cookies，或者使用移动端Client（api）

2025-03-25 01:00:55,473 - ERROR - PDF下载失败: cannot access local variable 'pdf_path' where it is not associated with a value
2025-03-25 01:00:55,473 - ERROR - PDF下载失败: cannot access local variable 'pdf_path' where it is not associated with a value
2025-03-25 01:00:55,474 - ERROR - 下载JM350240失败: cannot access local variable 'pdf_path' where it is not associated with a value
2025-03-25 01:00:55,474 - ERROR - 下载JM350240失败: cannot access local variable 'pdf_path' where it is not associated with a value
2025-03-25 01:01:09,918 - INFO - 群 435848498 用户 2550461472 发送消息: 
2025-03-25 01:01:09,918 - INFO - 群 435848498 用户 2550461472 发送消息: 
2025-03-25 01:01:09,918 - INFO - 群 435848498 未启用JM功能
2025-03-25 01:01:09,918 - INFO - 群 435848498 未启用JM功能
2025-03-25 01:01:23,729 - INFO - 群 743746086 用户 1450595984 发送消息: 
2025-03-25 01:01:23,729 - INFO - 群 743746086 用户 1450595984 发送消息: 
2025-03-25 01:01:31,197 - INFO - 群 743746086 用户 1450595984 发送消息: e
2025-03-25 01:01:31,197 - INFO - 群 743746086 用户 1450595984 发送消息: e
2025-03-25 01:01:41,042 - INFO - 群 743746086 用户 1450595984 发送消息: 怎么是登录专享
2025-03-25 01:01:41,042 - INFO - 群 743746086 用户 1450595984 发送消息: 怎么是登录专享
2025-03-25 01:02:30,758 - INFO - 群 743746086 用户 1450595984 发送消息: /jm 114514
2025-03-25 01:02:30,758 - INFO - 群 743746086 用户 1450595984 发送消息: /jm 114514
2025-03-25 01:02:30,759 - INFO - 开始下载JM114514
2025-03-25 01:02:30,759 - INFO - 开始下载JM114514
2025-03-25 01:02:31,212 - INFO - 使用PDF下载方式
2025-03-25 01:02:31,212 - INFO - 使用PDF下载方式
2025-03-25 01:02:31,213 - INFO - 切换到用户下载目录: C:\Users\cyf112233.cxkcxkckx\Desktop\jm\jm_bot\downloads\1450595984\downloads\1450595984
2025-03-25 01:02:31,213 - INFO - 切换到用户下载目录: C:\Users\cyf112233.cxkcxkckx\Desktop\jm\jm_bot\downloads\1450595984\downloads\1450595984
2025-03-25 01:02:54,864 - INFO - 找到图片目录: C:\Users\cyf112233.cxkcxkckx\Desktop\jm\jm_bot\downloads\1450595984\downloads\1450595984\[怪奇日蚀(绫野なおと)][Bitter100％]
2025-03-25 01:02:54,864 - INFO - 找到图片目录: C:\Users\cyf112233.cxkcxkckx\Desktop\jm\jm_bot\downloads\1450595984\downloads\1450595984\[怪奇日蚀(绫野なおと)][Bitter100％]
2025-03-25 01:02:54,865 - INFO - 切换到PDF目录: C:\Users\cyf112233.cxkcxkckx\Desktop\jm\jm_bot\downloads\1450595984\downloads\1450595984\jm_bot\pdf
2025-03-25 01:02:54,865 - INFO - 切换到PDF目录: C:\Users\cyf112233.cxkcxkckx\Desktop\jm\jm_bot\downloads\1450595984\downloads\1450595984\jm_bot\pdf
2025-03-25 01:02:56,062 - INFO - PDF生成完成，耗时：1.20 秒
2025-03-25 01:02:56,062 - INFO - PDF生成完成，耗时：1.20 秒
2025-03-25 01:02:56,064 - INFO - PDF生成成功: C:\Users\cyf112233.cxkcxkckx\Desktop\jm\jm_bot\downloads\1450595984\downloads\1450595984\jm_bot\pdf\114514.pdf
2025-03-25 01:02:56,064 - INFO - PDF生成成功: C:\Users\cyf112233.cxkcxkckx\Desktop\jm\jm_bot\downloads\1450595984\downloads\1450595984\jm_bot\pdf\114514.pdf
2025-03-25 01:02:56,064 - INFO - 开始上传PDF文件: C:\Users\cyf112233.cxkcxkckx\Desktop\jm\jm_bot\downloads\1450595984\downloads\1450595984\jm_bot\pdf\114514.pdf
2025-03-25 01:02:56,064 - INFO - 开始上传PDF文件: C:\Users\cyf112233.cxkcxkckx\Desktop\jm\jm_bot\downloads\1450595984\downloads\1450595984\jm_bot\pdf\114514.pdf
2025-03-25 01:03:00,126 - INFO - PDF文件上传成功
2025-03-25 01:03:00,126 - INFO - PDF文件上传成功
2025-03-25 01:03:00,574 - WARNING - 删除用户下载目录失败，等待1秒后重试: [WinError 32] 另一个程序正在使用此文件，进程无法访问。: 'C:\\Users\\cyf112233.cxkcxkckx\\Desktop\\jm\\jm_bot\\downloads\\1450595984\\downloads\\1450595984\\jm_bot\\pdf'
2025-03-25 01:03:00,574 - WARNING - 删除用户下载目录失败，等待1秒后重试: [WinError 32] 另一个程序正在使用此文件，进程无法访问。: 'C:\\Users\\cyf112233.cxkcxkckx\\Desktop\\jm\\jm_bot\\downloads\\1450595984\\downloads\\1450595984\\jm_bot\\pdf'
2025-03-25 01:03:01,581 - WARNING - 删除用户下载目录失败，等待1秒后重试: [WinError 32] 另一个程序正在使用此文件，进程无法访问。: 'C:\\Users\\cyf112233.cxkcxkckx\\Desktop\\jm\\jm_bot\\downloads\\1450595984\\downloads\\1450595984\\jm_bot\\pdf'
2025-03-25 01:03:01,581 - WARNING - 删除用户下载目录失败，等待1秒后重试: [WinError 32] 另一个程序正在使用此文件，进程无法访问。: 'C:\\Users\\cyf112233.cxkcxkckx\\Desktop\\jm\\jm_bot\\downloads\\1450595984\\downloads\\1450595984\\jm_bot\\pdf'
2025-03-25 01:03:02,597 - WARNING - 删除用户下载目录失败，等待1秒后重试: [WinError 32] 另一个程序正在使用此文件，进程无法访问。: 'C:\\Users\\cyf112233.cxkcxkckx\\Desktop\\jm\\jm_bot\\downloads\\1450595984\\downloads\\1450595984\\jm_bot\\pdf'
2025-03-25 01:03:02,597 - WARNING - 删除用户下载目录失败，等待1秒后重试: [WinError 32] 另一个程序正在使用此文件，进程无法访问。: 'C:\\Users\\cyf112233.cxkcxkckx\\Desktop\\jm\\jm_bot\\downloads\\1450595984\\downloads\\1450595984\\jm_bot\\pdf'
2025-03-25 01:03:03,613 - WARNING - 删除用户下载目录失败，等待1秒后重试: [WinError 32] 另一个程序正在使用此文件，进程无法访问。: 'C:\\Users\\cyf112233.cxkcxkckx\\Desktop\\jm\\jm_bot\\downloads\\1450595984\\downloads\\1450595984\\jm_bot\\pdf'
2025-03-25 01:03:03,613 - WARNING - 删除用户下载目录失败，等待1秒后重试: [WinError 32] 另一个程序正在使用此文件，进程无法访问。: 'C:\\Users\\cyf112233.cxkcxkckx\\Desktop\\jm\\jm_bot\\downloads\\1450595984\\downloads\\1450595984\\jm_bot\\pdf'
2025-03-25 01:03:04,629 - WARNING - 删除用户下载目录失败，等待1秒后重试: [WinError 32] 另一个程序正在使用此文件，进程无法访问。: 'C:\\Users\\cyf112233.cxkcxkckx\\Desktop\\jm\\jm_bot\\downloads\\1450595984\\downloads\\1450595984\\jm_bot\\pdf'
2025-03-25 01:03:04,629 - WARNING - 删除用户下载目录失败，等待1秒后重试: [WinError 32] 另一个程序正在使用此文件，进程无法访问。: 'C:\\Users\\cyf112233.cxkcxkckx\\Desktop\\jm\\jm_bot\\downloads\\1450595984\\downloads\\1450595984\\jm_bot\\pdf'
2025-03-25 01:03:05,645 - WARNING - 删除用户下载目录失败，等待1秒后重试: [WinError 32] 另一个程序正在使用此文件，进程无法访问。: 'C:\\Users\\cyf112233.cxkcxkckx\\Desktop\\jm\\jm_bot\\downloads\\1450595984\\downloads\\1450595984\\jm_bot\\pdf'
2025-03-25 01:03:05,645 - WARNING - 删除用户下载目录失败，等待1秒后重试: [WinError 32] 另一个程序正在使用此文件，进程无法访问。: 'C:\\Users\\cyf112233.cxkcxkckx\\Desktop\\jm\\jm_bot\\downloads\\1450595984\\downloads\\1450595984\\jm_bot\\pdf'
2025-03-25 01:03:06,661 - WARNING - 删除用户下载目录失败，等待1秒后重试: [WinError 32] 另一个程序正在使用此文件，进程无法访问。: 'C:\\Users\\cyf112233.cxkcxkckx\\Desktop\\jm\\jm_bot\\downloads\\1450595984\\downloads\\1450595984\\jm_bot\\pdf'
2025-03-25 01:03:06,661 - WARNING - 删除用户下载目录失败，等待1秒后重试: [WinError 32] 另一个程序正在使用此文件，进程无法访问。: 'C:\\Users\\cyf112233.cxkcxkckx\\Desktop\\jm\\jm_bot\\downloads\\1450595984\\downloads\\1450595984\\jm_bot\\pdf'
2025-03-25 01:03:07,678 - WARNING - 删除用户下载目录失败，等待1秒后重试: [WinError 32] 另一个程序正在使用此文件，进程无法访问。: 'C:\\Users\\cyf112233.cxkcxkckx\\Desktop\\jm\\jm_bot\\downloads\\1450595984\\downloads\\1450595984\\jm_bot\\pdf'
2025-03-25 01:03:07,678 - WARNING - 删除用户下载目录失败，等待1秒后重试: [WinError 32] 另一个程序正在使用此文件，进程无法访问。: 'C:\\Users\\cyf112233.cxkcxkckx\\Desktop\\jm\\jm_bot\\downloads\\1450595984\\downloads\\1450595984\\jm_bot\\pdf'
2025-03-25 01:03:08,690 - WARNING - 删除用户下载目录失败，等待1秒后重试: [WinError 32] 另一个程序正在使用此文件，进程无法访问。: 'C:\\Users\\cyf112233.cxkcxkckx\\Desktop\\jm\\jm_bot\\downloads\\1450595984\\downloads\\1450595984\\jm_bot\\pdf'
2025-03-25 01:03:08,690 - WARNING - 删除用户下载目录失败，等待1秒后重试: [WinError 32] 另一个程序正在使用此文件，进程无法访问。: 'C:\\Users\\cyf112233.cxkcxkckx\\Desktop\\jm\\jm_bot\\downloads\\1450595984\\downloads\\1450595984\\jm_bot\\pdf'
2025-03-25 01:03:09,707 - ERROR - 删除用户下载目录失败: [WinError 32] 另一个程序正在使用此文件，进程无法访问。: 'C:\\Users\\cyf112233.cxkcxkckx\\Desktop\\jm\\jm_bot\\downloads\\1450595984\\downloads\\1450595984\\jm_bot\\pdf'
2025-03-25 01:03:09,707 - ERROR - 删除用户下载目录失败: [WinError 32] 另一个程序正在使用此文件，进程无法访问。: 'C:\\Users\\cyf112233.cxkcxkckx\\Desktop\\jm\\jm_bot\\downloads\\1450595984\\downloads\\1450595984\\jm_bot\\pdf'
2025-03-25 01:03:09,708 - INFO - 已清理用户 1450595984 的所有相关文件
2025-03-25 01:03:09,708 - INFO - 已清理用户 1450595984 的所有相关文件
2025-03-25 01:03:09,708 - INFO - 用户 1450595984 进入CD，剩余 60 秒
2025-03-25 01:03:09,708 - INFO - 用户 1450595984 进入CD，剩余 60 秒
2025-03-25 01:03:09,709 - INFO - 群 743746086 用户 1450595984 发送消息: PDF模式，zip模式更快，但是不方便看
2025-03-25 01:03:09,709 - INFO - 群 743746086 用户 1450595984 发送消息: PDF模式，zip模式更快，但是不方便看
2025-03-25 01:05:07,380 - INFO - 群 743746086 用户 1450595984 发送消息: nice
2025-03-25 01:05:07,380 - INFO - 群 743746086 用户 1450595984 发送消息: nice
2025-03-25 01:05:16,163 - INFO - 群 743746086 用户 1537366610 发送消息: 真有啊
2025-03-25 01:05:16,163 - INFO - 群 743746086 用户 1537366610 发送消息: 真有啊
2025-03-25 01:05:22,180 - INFO - 群 743746086 用户 1537366610 发送消息: nb
2025-03-25 01:05:22,180 - INFO - 群 743746086 用户 1537366610 发送消息: nb
2025-03-25 01:05:29,278 - INFO - 群 743746086 用户 1450595984 发送消息: 自己写的
2025-03-25 01:05:29,278 - INFO - 群 743746086 用户 1450595984 发送消息: 自己写的
2025-03-25 01:05:32,181 - INFO - 群 743746086 用户 1450595984 发送消息: 
2025-03-25 01:05:32,181 - INFO - 群 743746086 用户 1450595984 发送消息: 
2025-03-25 01:06:44,260 - INFO - 群 743746086 用户 2123739621 发送消息: 😱
2025-03-25 01:06:44,260 - INFO - 群 743746086 用户 2123739621 发送消息: 😱
2025-03-25 01:07:33 - INFO - 程序启动
2025-03-25 01:07:33,852 - INFO - 已安装 jmcomic
2025-03-25 01:07:33,985 - INFO - 已安装 aiohttp
2025-03-25 01:07:33,994 - INFO - 已安装 pyyaml
2025-03-25 01:07:33,994 - INFO - 已安装 pillow
2025-03-25 01:07:34,015 - INFO - 已安装 pyzipper
2025-03-25 01:07:34 - INFO - 程序启动
2025-03-25 01:07:34,034 - INFO - 日志系统初始化完成
2025-03-25 01:07:34,034 - INFO - 日志系统初始化完成
2025-03-25 01:07:34,034 - INFO - 开始加载配置...
2025-03-25 01:07:34,034 - INFO - 开始加载配置...
2025-03-25 01:07:34,036 - INFO - 配置文件加载成功
2025-03-25 01:07:34,036 - INFO - 配置文件加载成功
2025-03-25 01:07:34,036 - INFO - 配置加载完成
2025-03-25 01:07:34,036 - INFO - 配置加载完成
2025-03-25 01:07:34,036 - INFO - PDF模式已启用，将使用PDF下载方式
2025-03-25 01:07:34,036 - INFO - PDF模式已启用，将使用PDF下载方式
2025-03-25 01:07:34,037 - INFO - 开始加载已启用群组...
2025-03-25 01:07:34,037 - INFO - 开始加载已启用群组...
2025-03-25 01:07:34,037 - INFO - 已加载 3 个已启用群组
2025-03-25 01:07:34,037 - INFO - 已加载 3 个已启用群组
2025-03-25 01:07:34,038 - INFO - 管理员QQ号: {1450595984}
2025-03-25 01:07:34,038 - INFO - 管理员QQ号: {1450595984}
2025-03-25 01:07:34,038 - INFO - 最大文件大小: 100.0MB
2025-03-25 01:07:34,038 - INFO - 最大文件大小: 100.0MB
2025-03-25 01:07:34,038 - INFO - 清理间隔: 3600秒
2025-03-25 01:07:34,038 - INFO - 清理间隔: 3600秒
2025-03-25 01:07:34,038 - INFO - ZIP密码: 123456
2025-03-25 01:07:34,038 - INFO - ZIP密码: 123456
2025-03-25 01:07:34,038 - INFO - 下载CD时间: 60秒
2025-03-25 01:07:34,038 - INFO - 下载CD时间: 60秒
2025-03-25 01:07:34,038 - INFO - PDF模式: 启用
2025-03-25 01:07:34,038 - INFO - PDF模式: 启用
2025-03-25 01:07:34,039 - INFO - 正在清理临时文件...
2025-03-25 01:07:34,039 - INFO - 正在清理临时文件...
2025-03-25 01:07:34,045 - INFO - 已删除: C:\Users\cyf112233.cxkcxkckx\Desktop\jm\jm_bot\downloads\1450595984
2025-03-25 01:07:34,045 - INFO - 已删除: C:\Users\cyf112233.cxkcxkckx\Desktop\jm\jm_bot\downloads\1450595984
2025-03-25 01:07:34,045 - INFO - 所有临时文件清理完成
2025-03-25 01:07:34,045 - INFO - 所有临时文件清理完成
2025-03-25 01:07:34,045 - INFO - 开始查找可用端口，范围: 10000-65535
2025-03-25 01:07:34,045 - INFO - 开始查找可用端口，范围: 10000-65535
2025-03-25 01:07:34,045 - INFO - 找到可用端口: 10000
2025-03-25 01:07:34,045 - INFO - 找到可用端口: 10000
2025-03-25 01:07:34,045 - INFO - 已选择客户端端口: 10000
2025-03-25 01:07:34,045 - INFO - 已选择客户端端口: 10000
2025-03-25 01:07:34,046 - INFO - 机器人已启动，正在连接go-cqhttp WebSocket (127.0.0.1:5700)...
2025-03-25 01:07:34,046 - INFO - 机器人已启动，正在连接go-cqhttp WebSocket (127.0.0.1:5700)...
2025-03-25 01:07:34,047 - INFO - 正在连接WebSocket: ws://127.0.0.1:5700
2025-03-25 01:07:34,047 - INFO - 正在连接WebSocket: ws://127.0.0.1:5700
2025-03-25 01:07:34,049 - INFO - WebSocket连接成功
2025-03-25 01:07:34,049 - INFO - WebSocket连接成功
